<?xml version="1.0" encoding="UTF-8"?>
<robot generator="Robot 3.1.2 (Python 3.9.8 on win32)" generated="20220330 23:52:32.586" rpa="false">
<suite id="s1" name="Videogame" source="C:\Users\Jayendra Zambre\PycharmProjects\API_Automation\Videogame.robot">
<test id="s1-t1" name="TC1:Returns all the video games (GET)">
<kw name="Create Session" library="RequestsLibrary">
<doc>Create Session: create a HTTP session to a server</doc>
<arguments>
<arg>gamesession</arg>
<arg>${base_url}</arg>
</arguments>
<msg timestamp="20220330 23:52:32.805" level="INFO">Creating Session using : alias=gamesession, url=http://localhost:8080, headers={},                     cookies={}, auth=None, timeout=None, proxies=None, verify=False,                     debug=0 </msg>
<status status="PASS" starttime="20220330 23:52:32.805" endtime="20220330 23:52:32.805"></status>
</kw>
<kw name="Get Request" library="RequestsLibrary">
<doc>*DEPRECATED* Please use `GET On Session` instead.</doc>
<arguments>
<arg>gamesession</arg>
<arg>/app/videogames</arg>
</arguments>
<assign>
<var>${response}</var>
</assign>
<msg timestamp="20220330 23:52:32.805" level="WARN">Keyword 'RequestsLibrary.Get Request' is deprecated. Please use `GET On Session` instead.</msg>
<msg timestamp="20220330 23:52:32.820" level="INFO">GET Request : url=http://localhost:8080/app/videogames 
 path_url=/app/videogames 
 headers={'User-Agent': 'python-requests/2.22.0', 'Accept-Encoding': 'gzip, deflate', 'Accept': '*/*', 'Connection': 'keep-alive'} 
 body=None 
 </msg>
<msg timestamp="20220330 23:52:32.820" level="INFO">GET Response : url=http://localhost:8080/app/videogames 
 status=200, reason= 
 headers={'Content-Type': 'application/xml', 'Content-Length': '7483', 'Date': 'Wed, 30 Mar 2022 15:52:32 GMT'} 
 body=&lt;?xml version="1.0" encoding="UTF-8" standalone="yes"?&gt;&lt;videoGames&gt;&lt;videoGame&gt;&lt;id&gt;0&lt;/id&gt;&lt;reviewScore&gt;0&lt;/reviewScore&gt;&lt;/videoGame&gt;&lt;videoGame category="Shooter" rating="Universal"&gt;&lt;id&gt;1&lt;/id&gt;&lt;name&gt;Resident Evil 4&lt;/name&gt;&lt;releaseDate&gt;2005-10-01T00:00:00+08:00&lt;/releaseDate&gt;&lt;reviewScore&gt;85&lt;/reviewScore&gt;&lt;/videoGame&gt;&lt;videoGame category="Spacee" rating="Excellentt"&gt;&lt;id&gt;2&lt;/id&gt;&lt;name&gt;xyz&lt;/name&gt;&lt;releaseDate&gt;2022-03-03T00:00:00+08:00&lt;/releaseDate&gt;&lt;reviewScore&gt;4&lt;/reviewScore&gt;&lt;/videoGame&gt;&lt;videoGame category="Puzzle" rating="Universal"&gt;&lt;id&gt;3&lt;/id&gt;&lt;name&gt;Tetris&lt;/name&gt;&lt;releaseDate&gt;1984-06-25T00:00:00+08:00&lt;/releaseDate&gt;&lt;reviewScore&gt;88&lt;/reviewScore&gt;&lt;/videoGame&gt;&lt;videoGame category="Platform" rating="Universal"&gt;&lt;id&gt;4&lt;/id&gt;&lt;name&gt;Super Mario 64&lt;/name&gt;&lt;releaseDate&gt;1996-10-20T00:00:00+08:00&lt;/releaseDate&gt;&lt;reviewScore&gt;90&lt;/reviewScore&gt;&lt;/videoGame&gt;&lt;videoGame category="Adventure" rating="PG-13"&gt;&lt;id&gt;5&lt;/id&gt;&lt;name&gt;The Legend of Zelda: Ocarina of Time&lt;/name&gt;&lt;releaseDate&gt;1998-12-10T00:00:00+08:00&lt;/releaseDate&gt;&lt;reviewScore&gt;93&lt;/reviewScore&gt;&lt;/videoGame&gt;&lt;videoGame category="Shooter" rating="Mature"&gt;&lt;id&gt;6&lt;/id&gt;&lt;name&gt;Doom&lt;/name&gt;&lt;releaseDate&gt;1993-02-18T00:00:00+08:00&lt;/releaseDate&gt;&lt;reviewScore&gt;81&lt;/reviewScore&gt;&lt;/videoGame&gt;&lt;videoGame category="Puzzle" rating="Universal"&gt;&lt;id&gt;7&lt;/id&gt;&lt;name&gt;Minecraft&lt;/name&gt;&lt;releaseDate&gt;2011-12-05T00:00:00+08:00&lt;/releaseDate&gt;&lt;reviewScore&gt;77&lt;/reviewScore&gt;&lt;/videoGame&gt;&lt;videoGame category="Strategy" rating="Universal"&gt;&lt;id&gt;8&lt;/id&gt;&lt;name&gt;SimCity 2000&lt;/name&gt;&lt;releaseDate&gt;1994-09-11T00:00:00+08:00&lt;/releaseDate&gt;&lt;reviewScore&gt;88&lt;/reviewScore&gt;&lt;/videoGame&gt;&lt;videoGame category="RPG" rating="PG-13"&gt;&lt;id&gt;9&lt;/id&gt;&lt;name&gt;Final Fantasy VII&lt;/name&gt;&lt;releaseDate&gt;1997-08-20T00:00:00+08:00&lt;/releaseDate&gt;&lt;reviewScore&gt;97&lt;/reviewScore&gt;&lt;/videoGame&gt;&lt;videoGame category="Driving" rating="Mature"&gt;&lt;id&gt;10&lt;/id&gt;&lt;name&gt;Grand Theft Auto III&lt;/name&gt;&lt;releaseDate&gt;2001-04-23T00:00:00+08:00&lt;/releaseDate&gt;&lt;reviewScore&gt;90&lt;/reviewScore&gt;&lt;/videoGame&gt;&lt;videoGame category="Space" rating="Excellent"&gt;&lt;id&gt;11&lt;/id&gt;&lt;name&gt;Nutan&lt;/name&gt;&lt;releaseDate&gt;2022-03-30T00:00:00+08:00&lt;/releaseDate&gt;&lt;reviewScore&gt;1&lt;/reviewScore&gt;&lt;/videoGame&gt;&lt;videoGame category="Space" rating="Excellent"&gt;&lt;id&gt;12&lt;/id&gt;&lt;name&gt;Nutan&lt;/name&gt;&lt;releaseDate&gt;2022-03-30T00:00:00+08:00&lt;/releaseDate&gt;&lt;reviewScore&gt;1&lt;/reviewScore&gt;&lt;/videoGame&gt;&lt;videoGame category="Space" rating="Excellent"&gt;&lt;id&gt;13&lt;/id&gt;&lt;name&gt;Nutan&lt;/name&gt;&lt;releaseDate&gt;2022-03-30T00:00:00+08:00&lt;/releaseDate&gt;&lt;reviewScore&gt;1&lt;/reviewScore&gt;&lt;/videoGame&gt;&lt;videoGame category="Space" rating="Excellent"&gt;&lt;id&gt;14&lt;/id&gt;&lt;name&gt;Nutan&lt;/name&gt;&lt;releaseDate&gt;2022-03-30T00:00:00+08:00&lt;/releaseDate&gt;&lt;reviewScore&gt;1&lt;/reviewScore&gt;&lt;/videoGame&gt;&lt;videoGame category="Space" rating="Excellent"&gt;&lt;id&gt;15&lt;/id&gt;&lt;name&gt;Nutan&lt;/name&gt;&lt;releaseDate&gt;2022-03-30T00:00:00+08:00&lt;/releaseDate&gt;&lt;reviewScore&gt;1&lt;/reviewScore&gt;&lt;/videoGame&gt;&lt;videoGame category="Space" rating="Excellent"&gt;&lt;id&gt;16&lt;/id&gt;&lt;name&gt;Nutan&lt;/name&gt;&lt;releaseDate&gt;2022-03-30T00:00:00+08:00&lt;/releaseDate&gt;&lt;reviewScore&gt;1&lt;/reviewScore&gt;&lt;/videoGame&gt;&lt;videoGame category="Spacee" rating="Excellentt"&gt;&lt;id&gt;20&lt;/id&gt;&lt;name&gt;abcd&lt;/name&gt;&lt;releaseDate&gt;2022-03-03T00:00:00+08:00&lt;/releaseDate&gt;&lt;reviewScore&gt;5&lt;/reviewScore&gt;&lt;/videoGame&gt;&lt;videoGame category="Spacee" rating="Excellentt"&gt;&lt;id&gt;21&lt;/id&gt;&lt;name&gt;abcd&lt;/name&gt;&lt;releaseDate&gt;2022-03-03T00:00:00+08:00&lt;/releaseDate&gt;&lt;reviewScore&gt;5&lt;/reviewScore&gt;&lt;/videoGame&gt;&lt;videoGame category="Spacee" rating="Excellentt"&gt;&lt;id&gt;22&lt;/id&gt;&lt;name&gt;abcd&lt;/name&gt;&lt;releaseDate&gt;2022-03-03T00:00:00+08:00&lt;/releaseDate&gt;&lt;reviewScore&gt;5&lt;/reviewScore&gt;&lt;/videoGame&gt;&lt;videoGame category="Spacee" rating="Excellentt"&gt;&lt;id&gt;23&lt;/id&gt;&lt;name&gt;abcd&lt;/name&gt;&lt;releaseDate&gt;2022-03-03T00:00:00+08:00&lt;/releaseDate&gt;&lt;reviewScore&gt;5&lt;/reviewScore&gt;&lt;/videoGame&gt;&lt;videoGame category="Spacee" rating="Excellentt"&gt;&lt;id&gt;25&lt;/id&gt;&lt;name&gt;abcd&lt;/name&gt;&lt;releaseDate&gt;2022-03-03T00:00:00+08:00&lt;/releaseDate&gt;&lt;reviewScore&gt;5&lt;/reviewScore&gt;&lt;/videoGame&gt;&lt;videoGame category="Spacee" rating="Excellentt"&gt;&lt;id&gt;26&lt;/id&gt;&lt;name&gt;abcd&lt;/name&gt;&lt;releaseDate&gt;2022-03-03T00:00:00+08:00&lt;/releaseDate&gt;&lt;reviewScore&gt;5&lt;/reviewScore&gt;&lt;/videoGame&gt;&lt;videoGame category="Spacee" rating="Excellentt"&gt;&lt;id&gt;28&lt;/id&gt;&lt;name&gt;abcd&lt;/name&gt;&lt;releaseDate&gt;2022-03-03T00:00:00+08:00&lt;/releaseDate&gt;&lt;reviewScore&gt;5&lt;/reviewScore&gt;&lt;/videoGame&gt;&lt;videoGame category="Spacee" rating="Excellentt"&gt;&lt;id&gt;55&lt;/id&gt;&lt;name&gt;aaa&lt;/name&gt;&lt;releaseDate&gt;2022-03-03T00:00:00+08:00&lt;/releaseDate&gt;&lt;reviewScore&gt;5&lt;/reviewScore&gt;&lt;/videoGame&gt;&lt;videoGame category="Spacee" rating="Excellentt"&gt;&lt;id&gt;56&lt;/id&gt;&lt;name&gt;aaa&lt;/name&gt;&lt;releaseDate&gt;2022-03-03T00:00:00+08:00&lt;/releaseDate&gt;&lt;reviewScore&gt;5&lt;/reviewScore&gt;&lt;/videoGame&gt;&lt;videoGame category="Spacee" rating="Excellentt"&gt;&lt;id&gt;57&lt;/id&gt;&lt;name&gt;Jay&lt;/name&gt;&lt;releaseDate&gt;2022-03-03T00:00:00+08:00&lt;/releaseDate&gt;&lt;reviewScore&gt;4&lt;/reviewScore&gt;&lt;/videoGame&gt;&lt;videoGame category="Spacee" rating="Excellentt"&gt;&lt;id&gt;58&lt;/id&gt;&lt;name&gt;Jay&lt;/name&gt;&lt;releaseDate&gt;2022-03-03T00:00:00+08:00&lt;/releaseDate&gt;&lt;reviewScore&gt;4&lt;/reviewScore&gt;&lt;/videoGame&gt;&lt;videoGame category="Spacee" rating="Excellentt"&gt;&lt;id&gt;60&lt;/id&gt;&lt;name&gt;Jay&lt;/name&gt;&lt;releaseDate&gt;2022-03-03T00:00:00+08:00&lt;/releaseDate&gt;&lt;reviewScore&gt;4&lt;/reviewScore&gt;&lt;/videoGame&gt;&lt;videoGame category="Spacee" rating="Excellentt"&gt;&lt;id&gt;61&lt;/id&gt;&lt;name&gt;bbb&lt;/name&gt;&lt;releaseDate&gt;2022-03-03T00:00:00+08:00&lt;/releaseDate&gt;&lt;reviewScore&gt;4&lt;/reviewScore&gt;&lt;/videoGame&gt;&lt;videoGame category="Spacee" rating="Excellentt"&gt;&lt;id&gt;62&lt;/id&gt;&lt;name&gt;bbb&lt;/name&gt;&lt;releaseDate&gt;2022-03-03T00:00:00+08:00&lt;/releaseDate&gt;&lt;reviewScore&gt;4&lt;/reviewScore&gt;&lt;/videoGame&gt;&lt;videoGame category="Spacee" rating="Excellentt"&gt;&lt;id&gt;66&lt;/id&gt;&lt;name&gt;aaa&lt;/name&gt;&lt;releaseDate&gt;2022-03-03T00:00:00+08:00&lt;/releaseDate&gt;&lt;reviewScore&gt;5&lt;/reviewScore&gt;&lt;/videoGame&gt;&lt;videoGame category="Space" rating="Excellent"&gt;&lt;id&gt;88&lt;/id&gt;&lt;name&gt;Nutan&lt;/name&gt;&lt;releaseDate&gt;2022-03-30T00:00:00+08:00&lt;/releaseDate&gt;&lt;reviewScore&gt;1&lt;/reviewScore&gt;&lt;/videoGame&gt;&lt;videoGame category="Spacee" rating="Excellentt"&gt;&lt;id&gt;121&lt;/id&gt;&lt;name&gt;Jay&lt;/name&gt;&lt;releaseDate&gt;2022-03-03T00:00:00+08:00&lt;/releaseDate&gt;&lt;reviewScore&gt;4&lt;/reviewScore&gt;&lt;/videoGame&gt;&lt;videoGame category="string" rating="string"&gt;&lt;id&gt;200&lt;/id&gt;&lt;name&gt;string&lt;/name&gt;&lt;releaseDate&gt;2022-03-29T00:00:00+08:00&lt;/releaseDate&gt;&lt;reviewScore&gt;0&lt;/reviewScore&gt;&lt;/videoGame&gt;&lt;videoGame category="string" rating="string"&gt;&lt;id&gt;201&lt;/id&gt;&lt;name&gt;string&lt;/name&gt;&lt;releaseDate&gt;2022-03-29T00:00:00+08:00&lt;/releaseDate&gt;&lt;reviewScore&gt;0&lt;/reviewScore&gt;&lt;/videoGame&gt;&lt;videoGame category="Spacee" rating="Excellentt"&gt;&lt;id&gt;222&lt;/id&gt;&lt;name&gt;xyz&lt;/name&gt;&lt;releaseDate&gt;2022-03-03T00:00:00+08:00&lt;/releaseDate&gt;&lt;reviewScore&gt;4&lt;/reviewScore&gt;&lt;/videoGame&gt;&lt;videoGame category="string" rating="string"&gt;&lt;id&gt;580&lt;/id&gt;&lt;name&gt;string&lt;/name&gt;&lt;releaseDate&gt;2022-03-30T00:00:00+08:00&lt;/releaseDate&gt;&lt;reviewScore&gt;0&lt;/reviewScore&gt;&lt;/videoGame&gt;&lt;videoGame category="Spacee" rating="Excellentt"&gt;&lt;id&gt;581&lt;/id&gt;&lt;name&gt;Zambre&lt;/name&gt;&lt;releaseDate&gt;2022-03-03T00:00:00+08:00&lt;/releaseDate&gt;&lt;reviewScore&gt;5&lt;/reviewScore&gt;&lt;/videoGame&gt;&lt;videoGame category="Spacee" rating="Excellentt"&gt;&lt;id&gt;588&lt;/id&gt;&lt;name&gt;Zambre&lt;/name&gt;&lt;releaseDate&gt;2022-03-03T00:00:00+08:00&lt;/releaseDate&gt;&lt;reviewScore&gt;5&lt;/reviewScore&gt;&lt;/videoGame&gt;&lt;videoGame category="Spacee" rating="Excellentt"&gt;&lt;id&gt;590&lt;/id&gt;&lt;name&gt;Zambre&lt;/name&gt;&lt;releaseDate&gt;2022-03-03T00:00:00+08:00&lt;/releaseDate&gt;&lt;reviewScore&gt;5&lt;/reviewScore&gt;&lt;/videoGame&gt;&lt;videoGame category="Spacee" rating="Excellentt"&gt;&lt;id&gt;666&lt;/id&gt;&lt;name&gt;aaa&lt;/name&gt;&lt;releaseDate&gt;2022-03-03T00:00:00+08:00&lt;/releaseDate&gt;&lt;reviewScore&gt;5&lt;/reviewScore&gt;&lt;/videoGame&gt;&lt;videoGame category="Space" rating="Excellent"&gt;&lt;id&gt;888&lt;/id&gt;&lt;name&gt;Nutan&lt;/name&gt;&lt;releaseDate&gt;2022-03-30T00:00:00+08:00&lt;/releaseDate&gt;&lt;reviewScore&gt;1&lt;/reviewScore&gt;&lt;/videoGame&gt;&lt;videoGame category="Spacee" rating="Excellentt"&gt;&lt;id&gt;5908&lt;/id&gt;&lt;name&gt;Zambre&lt;/name&gt;&lt;releaseDate&gt;2022-03-03T00:00:00+08:00&lt;/releaseDate&gt;&lt;reviewScore&gt;5&lt;/reviewScore&gt;&lt;/videoGame&gt;&lt;/videoGames&gt; 
 </msg>
<msg timestamp="20220330 23:52:32.820" level="INFO">${response} = &lt;Response [200]&gt;</msg>
<status status="PASS" starttime="20220330 23:52:32.805" endtime="20220330 23:52:32.820"></status>
</kw>
<kw name="Log To Console" library="BuiltIn">
<doc>Logs the given message to the console.</doc>
<arguments>
<arg>${response.status_code}</arg>
</arguments>
<status status="PASS" starttime="20220330 23:52:32.820" endtime="20220330 23:52:32.820"></status>
</kw>
<kw name="Log To Console" library="BuiltIn">
<doc>Logs the given message to the console.</doc>
<arguments>
<arg>${response.content}</arg>
</arguments>
<status status="PASS" starttime="20220330 23:52:32.820" endtime="20220330 23:52:32.820"></status>
</kw>
<kw name="Convert To String" library="BuiltIn">
<doc>Converts the given item to a Unicode string.</doc>
<arguments>
<arg>${response.status_code}</arg>
</arguments>
<assign>
<var>${status_code}</var>
</assign>
<msg timestamp="20220330 23:52:32.820" level="INFO">${status_code} = 200</msg>
<status status="PASS" starttime="20220330 23:52:32.820" endtime="20220330 23:52:32.820"></status>
</kw>
<kw name="Should Be Equal" library="BuiltIn">
<doc>Fails if the given objects are unequal.</doc>
<arguments>
<arg>${status_code}</arg>
<arg>200</arg>
</arguments>
<status status="PASS" starttime="20220330 23:52:32.820" endtime="20220330 23:52:32.820"></status>
</kw>
<status status="PASS" starttime="20220330 23:52:32.805" endtime="20220330 23:52:32.820" critical="yes"></status>
</test>
<test id="s1-t2" name="TC2:Add a new video game (POST)">
<kw name="Create Session" library="RequestsLibrary">
<doc>Create Session: create a HTTP session to a server</doc>
<arguments>
<arg>gamesession</arg>
<arg>${base_url}</arg>
</arguments>
<msg timestamp="20220330 23:52:32.820" level="INFO">Creating Session using : alias=gamesession, url=http://localhost:8080, headers={},                     cookies={}, auth=None, timeout=None, proxies=None, verify=False,                     debug=0 </msg>
<status status="PASS" starttime="20220330 23:52:32.820" endtime="20220330 23:52:32.820"></status>
</kw>
<kw name="Create Dictionary" library="BuiltIn">
<doc>Creates and returns a dictionary based on the given ``items``.</doc>
<arguments>
<arg>id=63</arg>
<arg>name=aaa</arg>
<arg>releaseDate=2022-03-03T15:30:10.362Z</arg>
<arg>reviewScore=5</arg>
<arg>category=Spacee</arg>
<arg>rating=Excellentt</arg>
</arguments>
<assign>
<var>${body}</var>
</assign>
<msg timestamp="20220330 23:52:32.820" level="INFO">${body} = {'id': '63', 'name': 'aaa', 'releaseDate': '2022-03-03T15:30:10.362Z', 'reviewScore': '5', 'category': 'Spacee', 'rating': 'Excellentt'}</msg>
<status status="PASS" starttime="20220330 23:52:32.820" endtime="20220330 23:52:32.836"></status>
</kw>
<kw name="Create Dictionary" library="BuiltIn">
<doc>Creates and returns a dictionary based on the given ``items``.</doc>
<arguments>
<arg>content-type=application/json</arg>
</arguments>
<assign>
<var>${header}</var>
</assign>
<msg timestamp="20220330 23:52:32.836" level="INFO">${header} = {'content-type': 'application/json'}</msg>
<status status="PASS" starttime="20220330 23:52:32.836" endtime="20220330 23:52:32.836"></status>
</kw>
<kw name="Post Request" library="RequestsLibrary">
<doc>*DEPRECATED* Please use `POST On Session` instead.</doc>
<arguments>
<arg>gamesession</arg>
<arg>/app/videogames</arg>
<arg>data=${body}</arg>
<arg>headers=${header}</arg>
</arguments>
<assign>
<var>${response}</var>
</assign>
<msg timestamp="20220330 23:52:32.836" level="WARN">Keyword 'RequestsLibrary.Post Request' is deprecated. Please use `POST On Session` instead.</msg>
<msg timestamp="20220330 23:52:32.836" level="INFO">POST Request : url=http://localhost:8080/app/videogames 
 path_url=/app/videogames 
 headers={'User-Agent': 'python-requests/2.22.0', 'Accept-Encoding': 'gzip, deflate', 'Accept': '*/*', 'Connection': 'keep-alive', 'content-type': 'application/json', 'Content-Length': '136'} 
 body={"id": "63", "name": "aaa", "releaseDate": "2022-03-03T15:30:10.362Z", "reviewScore": "5", "category": "Spacee", "rating": "Excellentt"} 
 </msg>
<msg timestamp="20220330 23:52:32.836" level="INFO">POST Response : url=http://localhost:8080/app/videogames 
 status=200, reason= 
 headers={'Content-Type': 'application/xml', 'Content-Length': '39', 'Date': 'Wed, 30 Mar 2022 15:52:32 GMT'} 
 body={"status": "Record Added Successfully"} 
 </msg>
<msg timestamp="20220330 23:52:32.836" level="INFO">${response} = &lt;Response [200]&gt;</msg>
<status status="PASS" starttime="20220330 23:52:32.836" endtime="20220330 23:52:32.836"></status>
</kw>
<kw name="Log To Console" library="BuiltIn">
<doc>Logs the given message to the console.</doc>
<arguments>
<arg>${response.status_code}</arg>
</arguments>
<status status="PASS" starttime="20220330 23:52:32.836" endtime="20220330 23:52:32.836"></status>
</kw>
<kw name="Log To Console" library="BuiltIn">
<doc>Logs the given message to the console.</doc>
<arguments>
<arg>${response.content}</arg>
</arguments>
<status status="PASS" starttime="20220330 23:52:32.836" endtime="20220330 23:52:32.836"></status>
</kw>
<kw name="Convert To String" library="BuiltIn">
<doc>Converts the given item to a Unicode string.</doc>
<arguments>
<arg>${response.status_code}</arg>
</arguments>
<assign>
<var>${status_code}</var>
</assign>
<msg timestamp="20220330 23:52:32.836" level="INFO">${status_code} = 200</msg>
<status status="PASS" starttime="20220330 23:52:32.836" endtime="20220330 23:52:32.836"></status>
</kw>
<kw name="Should Be Equal" library="BuiltIn">
<doc>Fails if the given objects are unequal.</doc>
<arguments>
<arg>${status_code}</arg>
<arg>200</arg>
</arguments>
<status status="PASS" starttime="20220330 23:52:32.836" endtime="20220330 23:52:32.836"></status>
</kw>
<kw name="Convert To String" library="BuiltIn">
<doc>Converts the given item to a Unicode string.</doc>
<arguments>
<arg>${response.content}</arg>
</arguments>
<assign>
<var>${resp_body}</var>
</assign>
<msg timestamp="20220330 23:52:32.836" level="INFO">${resp_body} = {"status": "Record Added Successfully"}</msg>
<status status="PASS" starttime="20220330 23:52:32.836" endtime="20220330 23:52:32.836"></status>
</kw>
<kw name="Should Be Equal" library="BuiltIn">
<doc>Fails if the given objects are unequal.</doc>
<arguments>
<arg>${resp_body}</arg>
<arg>{"status": "Record Added Successfully"}</arg>
</arguments>
<status status="PASS" starttime="20220330 23:52:32.836" endtime="20220330 23:52:32.836"></status>
</kw>
<status status="PASS" starttime="20220330 23:52:32.820" endtime="20220330 23:52:32.836" critical="yes"></status>
</test>
<test id="s1-t3" name="TC3:Returns the details of a single game by ID (GET)">
<kw name="Create Session" library="RequestsLibrary">
<doc>Create Session: create a HTTP session to a server</doc>
<arguments>
<arg>gamesession</arg>
<arg>${base_url}</arg>
</arguments>
<msg timestamp="20220330 23:52:32.851" level="INFO">Creating Session using : alias=gamesession, url=http://localhost:8080, headers={},                     cookies={}, auth=None, timeout=None, proxies=None, verify=False,                     debug=0 </msg>
<status status="PASS" starttime="20220330 23:52:32.851" endtime="20220330 23:52:32.851"></status>
</kw>
<kw name="Get Request" library="RequestsLibrary">
<doc>*DEPRECATED* Please use `GET On Session` instead.</doc>
<arguments>
<arg>gamesession</arg>
<arg>/app/videogames/55</arg>
</arguments>
<assign>
<var>${response}</var>
</assign>
<msg timestamp="20220330 23:52:32.851" level="WARN">Keyword 'RequestsLibrary.Get Request' is deprecated. Please use `GET On Session` instead.</msg>
<msg timestamp="20220330 23:52:32.851" level="INFO">GET Request : url=http://localhost:8080/app/videogames/55 
 path_url=/app/videogames/55 
 headers={'User-Agent': 'python-requests/2.22.0', 'Accept-Encoding': 'gzip, deflate', 'Accept': '*/*', 'Connection': 'keep-alive'} 
 body=None 
 </msg>
<msg timestamp="20220330 23:52:32.851" level="INFO">GET Response : url=http://localhost:8080/app/videogames/55 
 status=200, reason= 
 headers={'Content-Type': 'application/xml', 'Content-Length': '223', 'Date': 'Wed, 30 Mar 2022 15:52:32 GMT'} 
 body=&lt;?xml version="1.0" encoding="UTF-8" standalone="yes"?&gt;&lt;videoGame category="Spacee" rating="Excellentt"&gt;&lt;id&gt;55&lt;/id&gt;&lt;name&gt;aaa&lt;/name&gt;&lt;releaseDate&gt;2022-03-03T00:00:00+08:00&lt;/releaseDate&gt;&lt;reviewScore&gt;5&lt;/reviewScore&gt;&lt;/videoGame&gt; 
 </msg>
<msg timestamp="20220330 23:52:32.851" level="INFO">${response} = &lt;Response [200]&gt;</msg>
<status status="PASS" starttime="20220330 23:52:32.851" endtime="20220330 23:52:32.851"></status>
</kw>
<kw name="Log To Console" library="BuiltIn">
<doc>Logs the given message to the console.</doc>
<arguments>
<arg>${response.status_code}</arg>
</arguments>
<status status="PASS" starttime="20220330 23:52:32.851" endtime="20220330 23:52:32.851"></status>
</kw>
<kw name="Log To Console" library="BuiltIn">
<doc>Logs the given message to the console.</doc>
<arguments>
<arg>${response.content}</arg>
</arguments>
<status status="PASS" starttime="20220330 23:52:32.851" endtime="20220330 23:52:32.851"></status>
</kw>
<kw name="Convert To String" library="BuiltIn">
<doc>Converts the given item to a Unicode string.</doc>
<arguments>
<arg>${response.status_code}</arg>
</arguments>
<assign>
<var>${status_code}</var>
</assign>
<msg timestamp="20220330 23:52:32.851" level="INFO">${status_code} = 200</msg>
<status status="PASS" starttime="20220330 23:52:32.851" endtime="20220330 23:52:32.851"></status>
</kw>
<kw name="Should Be Equal" library="BuiltIn">
<doc>Fails if the given objects are unequal.</doc>
<arguments>
<arg>${status_code}</arg>
<arg>200</arg>
</arguments>
<status status="PASS" starttime="20220330 23:52:32.851" endtime="20220330 23:52:32.851"></status>
</kw>
<kw name="Convert To String" library="BuiltIn">
<doc>Converts the given item to a Unicode string.</doc>
<arguments>
<arg>${response.content}</arg>
</arguments>
<assign>
<var>${resp_body}</var>
</assign>
<msg timestamp="20220330 23:52:32.851" level="INFO">${resp_body} = &lt;?xml version="1.0" encoding="UTF-8" standalone="yes"?&gt;&lt;videoGame category="Spacee" rating="Excellentt"&gt;&lt;id&gt;55&lt;/id&gt;&lt;name&gt;aaa&lt;/name&gt;&lt;releaseDate&gt;2022-03-03T00:00:00+08:00&lt;/releaseDate&gt;&lt;reviewScore&gt;5&lt;/r...</msg>
<status status="PASS" starttime="20220330 23:52:32.851" endtime="20220330 23:52:32.851"></status>
</kw>
<kw name="Should Contain" library="BuiltIn">
<doc>Fails if ``container`` does not contain ``item`` one or more times.</doc>
<arguments>
<arg>${resp_body}</arg>
<arg>aaa</arg>
</arguments>
<status status="PASS" starttime="20220330 23:52:32.851" endtime="20220330 23:52:32.851"></status>
</kw>
<status status="PASS" starttime="20220330 23:52:32.836" endtime="20220330 23:52:32.851" critical="yes"></status>
</test>
<test id="s1-t4" name="TC4:Update an existing video game in the DB by specifying a new body (PUT)">
<kw name="Create Session" library="RequestsLibrary">
<doc>Create Session: create a HTTP session to a server</doc>
<arguments>
<arg>gamesession</arg>
<arg>${base_url}</arg>
</arguments>
<msg timestamp="20220330 23:52:32.867" level="INFO">Creating Session using : alias=gamesession, url=http://localhost:8080, headers={},                     cookies={}, auth=None, timeout=None, proxies=None, verify=False,                     debug=0 </msg>
<status status="PASS" starttime="20220330 23:52:32.867" endtime="20220330 23:52:32.867"></status>
</kw>
<kw name="Create Dictionary" library="BuiltIn">
<doc>Creates and returns a dictionary based on the given ``items``.</doc>
<arguments>
<arg>id=62</arg>
<arg>name=bbb</arg>
<arg>releaseDate=2022-03-03T15:30:10.362Z</arg>
<arg>reviewScore=4</arg>
<arg>category=Spacee</arg>
<arg>rating=Excellentt</arg>
</arguments>
<assign>
<var>${body}</var>
</assign>
<msg timestamp="20220330 23:52:32.867" level="INFO">${body} = {'id': '62', 'name': 'bbb', 'releaseDate': '2022-03-03T15:30:10.362Z', 'reviewScore': '4', 'category': 'Spacee', 'rating': 'Excellentt'}</msg>
<status status="PASS" starttime="20220330 23:52:32.867" endtime="20220330 23:52:32.867"></status>
</kw>
<kw name="Create Dictionary" library="BuiltIn">
<doc>Creates and returns a dictionary based on the given ``items``.</doc>
<arguments>
<arg>content-type=application/json</arg>
</arguments>
<assign>
<var>${header}</var>
</assign>
<msg timestamp="20220330 23:52:32.867" level="INFO">${header} = {'content-type': 'application/json'}</msg>
<status status="PASS" starttime="20220330 23:52:32.867" endtime="20220330 23:52:32.867"></status>
</kw>
<kw name="Put Request" library="RequestsLibrary">
<doc>*DEPRECATED* Please use `PUT On Session` instead.</doc>
<arguments>
<arg>gamesession</arg>
<arg>/app/videogames/62</arg>
<arg>data=${body}</arg>
<arg>headers=${header}</arg>
</arguments>
<assign>
<var>${response}</var>
</assign>
<msg timestamp="20220330 23:52:32.867" level="WARN">Keyword 'RequestsLibrary.Put Request' is deprecated. Please use `PUT On Session` instead.</msg>
<msg timestamp="20220330 23:52:32.867" level="INFO">PUT Request : url=http://localhost:8080/app/videogames/62 
 path_url=/app/videogames/62 
 headers={'User-Agent': 'python-requests/2.22.0', 'Accept-Encoding': 'gzip, deflate', 'Accept': '*/*', 'Connection': 'keep-alive', 'content-type': 'application/json', 'Content-Length': '136'} 
 body={"id": "62", "name": "bbb", "releaseDate": "2022-03-03T15:30:10.362Z", "reviewScore": "4", "category": "Spacee", "rating": "Excellentt"} 
 </msg>
<msg timestamp="20220330 23:52:32.867" level="INFO">PUT Response : url=http://localhost:8080/app/videogames/62 
 status=200, reason= 
 headers={'Content-Type': 'application/xml', 'Content-Length': '223', 'Date': 'Wed, 30 Mar 2022 15:52:32 GMT'} 
 body=&lt;?xml version="1.0" encoding="UTF-8" standalone="yes"?&gt;&lt;videoGame category="Spacee" rating="Excellentt"&gt;&lt;id&gt;62&lt;/id&gt;&lt;name&gt;bbb&lt;/name&gt;&lt;releaseDate&gt;2022-03-03T00:00:00+08:00&lt;/releaseDate&gt;&lt;reviewScore&gt;4&lt;/reviewScore&gt;&lt;/videoGame&gt; 
 </msg>
<msg timestamp="20220330 23:52:32.867" level="INFO">${response} = &lt;Response [200]&gt;</msg>
<status status="PASS" starttime="20220330 23:52:32.867" endtime="20220330 23:52:32.867"></status>
</kw>
<kw name="Log To Console" library="BuiltIn">
<doc>Logs the given message to the console.</doc>
<arguments>
<arg>${response.status_code}</arg>
</arguments>
<status status="PASS" starttime="20220330 23:52:32.867" endtime="20220330 23:52:32.867"></status>
</kw>
<kw name="Log To Console" library="BuiltIn">
<doc>Logs the given message to the console.</doc>
<arguments>
<arg>${response.content}</arg>
</arguments>
<status status="PASS" starttime="20220330 23:52:32.883" endtime="20220330 23:52:32.883"></status>
</kw>
<kw name="Convert To String" library="BuiltIn">
<doc>Converts the given item to a Unicode string.</doc>
<arguments>
<arg>${response.status_code}</arg>
</arguments>
<assign>
<var>${status_code}</var>
</assign>
<msg timestamp="20220330 23:52:32.883" level="INFO">${status_code} = 200</msg>
<status status="PASS" starttime="20220330 23:52:32.883" endtime="20220330 23:52:32.883"></status>
</kw>
<kw name="Should Be Equal" library="BuiltIn">
<doc>Fails if the given objects are unequal.</doc>
<arguments>
<arg>${status_code}</arg>
<arg>200</arg>
</arguments>
<status status="PASS" starttime="20220330 23:52:32.883" endtime="20220330 23:52:32.883"></status>
</kw>
<kw name="Convert To String" library="BuiltIn">
<doc>Converts the given item to a Unicode string.</doc>
<arguments>
<arg>${response.content}</arg>
</arguments>
<assign>
<var>${resp_body}</var>
</assign>
<msg timestamp="20220330 23:52:32.883" level="INFO">${resp_body} = &lt;?xml version="1.0" encoding="UTF-8" standalone="yes"?&gt;&lt;videoGame category="Spacee" rating="Excellentt"&gt;&lt;id&gt;62&lt;/id&gt;&lt;name&gt;bbb&lt;/name&gt;&lt;releaseDate&gt;2022-03-03T00:00:00+08:00&lt;/releaseDate&gt;&lt;reviewScore&gt;4&lt;/r...</msg>
<status status="PASS" starttime="20220330 23:52:32.883" endtime="20220330 23:52:32.883"></status>
</kw>
<kw name="Should Contain" library="BuiltIn">
<doc>Fails if ``container`` does not contain ``item`` one or more times.</doc>
<arguments>
<arg>${resp_body}</arg>
<arg>bbb</arg>
</arguments>
<status status="PASS" starttime="20220330 23:52:32.883" endtime="20220330 23:52:32.883"></status>
</kw>
<status status="PASS" starttime="20220330 23:52:32.867" endtime="20220330 23:52:32.883" critical="yes"></status>
</test>
<test id="s1-t5" name="TC5:Deletes a video game from the DB by ID (DELETE)">
<kw name="Create Session" library="RequestsLibrary">
<doc>Create Session: create a HTTP session to a server</doc>
<arguments>
<arg>gamesession</arg>
<arg>${base_url}</arg>
</arguments>
<msg timestamp="20220330 23:52:32.883" level="INFO">Creating Session using : alias=gamesession, url=http://localhost:8080, headers={},                     cookies={}, auth=None, timeout=None, proxies=None, verify=False,                     debug=0 </msg>
<status status="PASS" starttime="20220330 23:52:32.883" endtime="20220330 23:52:32.883"></status>
</kw>
<kw name="Delete Request" library="RequestsLibrary">
<doc>*DEPRECATED* Please use `DELETE On Session` instead.</doc>
<arguments>
<arg>gamesession</arg>
<arg>/app/videogames/55</arg>
</arguments>
<assign>
<var>${response}</var>
</assign>
<msg timestamp="20220330 23:52:32.883" level="WARN">Keyword 'RequestsLibrary.Delete Request' is deprecated. Please use `DELETE On Session` instead.</msg>
<msg timestamp="20220330 23:52:32.883" level="INFO">DELETE Request : url=http://localhost:8080/app/videogames/55 
 path_url=/app/videogames/55 
 headers={'User-Agent': 'python-requests/2.22.0', 'Accept-Encoding': 'gzip, deflate', 'Accept': '*/*', 'Connection': 'keep-alive', 'Content-Length': '0'} 
 body=None 
 </msg>
<msg timestamp="20220330 23:52:32.883" level="INFO">DELETE Response : url=http://localhost:8080/app/videogames/55 
 status=200, reason= 
 headers={'Content-Type': 'application/xml', 'Content-Length': '41', 'Date': 'Wed, 30 Mar 2022 15:52:32 GMT'} 
 body={"status": "Record Deleted Successfully"} 
 </msg>
<msg timestamp="20220330 23:52:32.898" level="INFO">${response} = &lt;Response [200]&gt;</msg>
<status status="PASS" starttime="20220330 23:52:32.883" endtime="20220330 23:52:32.898"></status>
</kw>
<kw name="Convert To String" library="BuiltIn">
<doc>Converts the given item to a Unicode string.</doc>
<arguments>
<arg>${response.status_code}</arg>
</arguments>
<assign>
<var>${status_code}</var>
</assign>
<msg timestamp="20220330 23:52:32.898" level="INFO">${status_code} = 200</msg>
<status status="PASS" starttime="20220330 23:52:32.898" endtime="20220330 23:52:32.898"></status>
</kw>
<kw name="Should Be Equal" library="BuiltIn">
<doc>Fails if the given objects are unequal.</doc>
<arguments>
<arg>${status_code}</arg>
<arg>200</arg>
</arguments>
<status status="PASS" starttime="20220330 23:52:32.898" endtime="20220330 23:52:32.898"></status>
</kw>
<kw name="Convert To String" library="BuiltIn">
<doc>Converts the given item to a Unicode string.</doc>
<arguments>
<arg>${response.content}</arg>
</arguments>
<assign>
<var>${resp_body}</var>
</assign>
<msg timestamp="20220330 23:52:32.898" level="INFO">${resp_body} = {"status": "Record Deleted Successfully"}</msg>
<status status="PASS" starttime="20220330 23:52:32.898" endtime="20220330 23:52:32.898"></status>
</kw>
<kw name="Should Be Equal" library="BuiltIn">
<doc>Fails if the given objects are unequal.</doc>
<arguments>
<arg>${resp_body}</arg>
<arg>{"status": "Record Deleted Successfully"}</arg>
</arguments>
<status status="PASS" starttime="20220330 23:52:32.898" endtime="20220330 23:52:32.898"></status>
</kw>
<status status="PASS" starttime="20220330 23:52:32.883" endtime="20220330 23:52:32.898" critical="yes"></status>
</test>
<status status="PASS" starttime="20220330 23:52:32.601" endtime="20220330 23:52:32.898"></status>
</suite>
<statistics>
<total>
<stat pass="5" fail="0">Critical Tests</stat>
<stat pass="5" fail="0">All Tests</stat>
</total>
<tag>
</tag>
<suite>
<stat pass="5" fail="0" id="s1" name="Videogame">Videogame</stat>
</suite>
</statistics>
<errors>
<msg timestamp="20220330 23:52:32.805" level="WARN">Keyword 'RequestsLibrary.Get Request' is deprecated. Please use `GET On Session` instead.</msg>
<msg timestamp="20220330 23:52:32.836" level="WARN">Keyword 'RequestsLibrary.Post Request' is deprecated. Please use `POST On Session` instead.</msg>
<msg timestamp="20220330 23:52:32.851" level="WARN">Keyword 'RequestsLibrary.Get Request' is deprecated. Please use `GET On Session` instead.</msg>
<msg timestamp="20220330 23:52:32.867" level="WARN">Keyword 'RequestsLibrary.Put Request' is deprecated. Please use `PUT On Session` instead.</msg>
<msg timestamp="20220330 23:52:32.883" level="WARN">Keyword 'RequestsLibrary.Delete Request' is deprecated. Please use `DELETE On Session` instead.</msg>
</errors>
</robot>
